<?xml version="1.0" encoding="UTF-8"?>
<!-- Generated by org.testng.reporters.JUnitReportReporter -->
<testsuite hostname="DESKTOP-2LVTPIB" failures="0" tests="2" name="com.salesForce.runner.TestRunnerA" time="33.909" errors="0" timestamp="2022-02-14T10:35:24 CST" skipped="0">
  <testcase classname="com.salesForce.runner.TestRunnerA" name="runScenario" time="19.471"/>
  <system-out/>
  <testcase classname="com.salesForce.runner.TestRunnerA" name="runScenario" time="14.438"/>
  <system-out/>
</testsuite> <!-- com.salesForce.runner.TestRunnerA -->
